<?xml version="1.0" encoding="UTF-8"?>
<testng-results skipped="0" failed="0" ignored="0" total="1" passed="1">
  <reporter-output>
  </reporter-output>
  <suite name="Default suite" duration-ms="46976" started-at="2018-03-25T05:45:27Z" finished-at="2018-03-25T05:46:14Z">
    <groups>
    </groups>
    <test name="Default test" duration-ms="46976" started-at="2018-03-25T05:45:27Z" finished-at="2018-03-25T05:46:14Z">
      <class name="tests.ReadActivityStats">
        <test-method status="PASS" signature="readArticleStats()[pri:0, instance:tests.ReadActivityStats@7ce6a65d]" name="readArticleStats" duration-ms="46945" started-at="2018-03-25T01:45:27Z" finished-at="2018-03-25T01:46:14Z">
          <reporter-output>
          </reporter-output>
        </test-method> <!-- readArticleStats -->
      </class> <!-- tests.ReadActivityStats -->
    </test> <!-- Default test -->
  </suite> <!-- Default suite -->
</testng-results>
